STATUS | wrapper  | 2024/03/16 11:26:54 | --> Wrapper Started as Console
STATUS | wrapper  | 2024/03/16 11:26:54 | Launching a JVM...
INFO   | jvm 1    | 2024/03/16 11:26:55 | NOTE: Picked up JDK_JAVA_OPTIONS: --add-reads=java.xml=java.logging --add-opens java.base/java.security=ALL-UNNAMED --add-opens java.base/java.net=ALL-UNNAMED --add-opens java.base/java.lang=ALL-UNNAMED --add-opens java.base/java.util=ALL-UNNAMED --add-opens java.base/java.util.concurrent=ALL-UNNAMED --add-opens java.base/java.util.concurrent.atomic=ALL-UNNAMED --add-opens java.naming/javax.naming.spi=ALL-UNNAMED --add-opens java.rmi/sun.rmi.transport.tcp=ALL-UNNAMED --add-exports=java.base/sun.net.www.protocol.http=ALL-UNNAMED --add-exports=java.base/sun.net.www.protocol.https=ALL-UNNAMED --add-exports=java.base/sun.net.www.protocol.jar=ALL-UNNAMED --add-exports=jdk.xml.dom/org.w3c.dom.html=ALL-UNNAMED --add-exports=jdk.naming.rmi/com.sun.jndi.url.rmi=ALL-UNNAMED
INFO   | jvm 1    | 2024/03/16 11:26:55 | Wrapper (Version 3.2.3) http://wrapper.tanukisoftware.org
INFO   | jvm 1    | 2024/03/16 11:26:55 |   Copyright 1999-2006 Tanuki Software, Inc.  All Rights Reserved.
INFO   | jvm 1    | 2024/03/16 11:26:55 | 
INFO   | jvm 1    | 2024/03/16 11:26:55 | Java Runtime: Oracle Corporation 17.0.10 C:\Program Files\Java\jdk-17
INFO   | jvm 1    | 2024/03/16 11:26:55 |   Heap sizes: current=1048576k  free=1038336k  max=1048576k
INFO   | jvm 1    | 2024/03/16 11:26:55 |     JVM args: --add-reads=java.xml=java.logging --add-opens=java.base/java.security=ALL-UNNAMED --add-opens=java.base/java.net=ALL-UNNAMED --add-opens=java.base/java.lang=ALL-UNNAMED --add-opens=java.base/java.util=ALL-UNNAMED --add-opens=java.base/java.util.concurrent=ALL-UNNAMED --add-opens=java.base/java.util.concurrent.atomic=ALL-UNNAMED --add-opens=java.naming/javax.naming.spi=ALL-UNNAMED --add-opens=java.rmi/sun.rmi.transport.tcp=ALL-UNNAMED --add-exports=java.base/sun.net.www.protocol.http=ALL-UNNAMED --add-exports=java.base/sun.net.www.protocol.https=ALL-UNNAMED --add-exports=java.base/sun.net.www.protocol.jar=ALL-UNNAMED --add-exports=jdk.xml.dom/org.w3c.dom.html=ALL-UNNAMED --add-exports=jdk.naming.rmi/com.sun.jndi.url.rmi=ALL-UNNAMED -Dactivemq.home=../.. -Dactivemq.base=../.. -Djavax.net.ssl.keyStorePassword=password -Djavax.net.ssl.trustStorePassword=password -Djavax.net.ssl.keyStore=../../conf/broker.ks -Djavax.net.ssl.trustStore=../../conf/broker.ts -Dcom.sun.management.jmxremote -Dorg.apache.activemq.UseDedicatedTaskRunner=false -Djava.util.logging.config.file=logging.properties -Dactivemq.conf=../../conf -Dactivemq.data=../../data -Djava.security.auth.login.config=../../conf/login.config -Djolokia.conf=file:..\\..\\conf\\jolokia-access.xml -Xms1024m -Xmx1024m -Djava.library.path=../../bin/win64 -Dwrapper.key=eg3A3EacbLPFsjP5 -Dwrapper.port=32000 -Dwrapper.jvm.port.min=31000 -Dwrapper.jvm.port.max=31999 -Dwrapper.pid=12208 -Dwrapper.version=3.2.3 -Dwrapper.native_library=wrapper -Dwrapper.cpu.timeout=10 -Dwrapper.jvmid=1
INFO   | jvm 1    | 2024/03/16 11:26:55 | Extensions classpath:
INFO   | jvm 1    | 2024/03/16 11:26:55 |   [..\..\lib,..\..\lib\camel,..\..\lib\optional,..\..\lib\web,..\..\lib\extra]
INFO   | jvm 1    | 2024/03/16 11:26:55 | ACTIVEMQ_HOME: ..\..
INFO   | jvm 1    | 2024/03/16 11:26:55 | ACTIVEMQ_BASE: ..\..
INFO   | jvm 1    | 2024/03/16 11:26:55 | ACTIVEMQ_CONF: ..\..\conf
INFO   | jvm 1    | 2024/03/16 11:26:55 | ACTIVEMQ_DATA: ..\..\data
INFO   | jvm 1    | 2024/03/16 11:27:21 | Loading message broker from: xbean:activemq.xml
INFO   | jvm 1    | 2024/03/16 11:27:24 |  INFO | Using Persistence Adapter: KahaDBPersistenceAdapter[E:\HOCKI6_2023-2024\KIEN_TRUC_VA_THIET_KE_HE_THONG\ActiveMQ\apache-activemq-6.0.1-bin\apache-activemq-6.0.1\bin\win64\..\..\data\kahadb]
INFO   | jvm 1    | 2024/03/16 11:27:24 |  INFO | Starting Persistence Adapter: KahaDBPersistenceAdapter[E:\HOCKI6_2023-2024\KIEN_TRUC_VA_THIET_KE_HE_THONG\ActiveMQ\apache-activemq-6.0.1-bin\apache-activemq-6.0.1\bin\win64\..\..\data\kahadb]
INFO   | jvm 1    | 2024/03/16 11:27:24 |  INFO | Starting KahaDBStore
INFO   | jvm 1    | 2024/03/16 11:27:24 |  INFO | Opening MessageDatabase
INFO   | jvm 1    | 2024/03/16 11:27:25 |  INFO | Starting Temp Data Store
INFO   | jvm 1    | 2024/03/16 11:27:25 |  INFO | PListStore:[E:\HOCKI6_2023-2024\KIEN_TRUC_VA_THIET_KE_HE_THONG\ActiveMQ\apache-activemq-6.0.1-bin\apache-activemq-6.0.1\bin\win64\..\..\data\localhost\tmp_storage] started
INFO   | jvm 1    | 2024/03/16 11:27:25 |  INFO | Starting Job Scheduler Store
INFO   | jvm 1    | 2024/03/16 11:27:25 |  INFO | Persistence Adapter successfully started
INFO   | jvm 1    | 2024/03/16 11:27:25 |  INFO | Apache ActiveMQ 6.0.1 (localhost, ID:MSI-MODERN14-51566-1710563245353-0:1) is starting
INFO   | jvm 1    | 2024/03/16 11:27:25 |  INFO | Listening for connections at: tcp://MSI-MODERN14:61616?maximumConnections=1000&wireFormat.maxFrameSize=104857600
INFO   | jvm 1    | 2024/03/16 11:27:25 |  INFO | Connector openwire started
INFO   | jvm 1    | 2024/03/16 11:27:25 |  INFO | Listening for connections at: amqp://MSI-MODERN14:5672?maximumConnections=1000&wireFormat.maxFrameSize=104857600
INFO   | jvm 1    | 2024/03/16 11:27:25 |  INFO | Connector amqp started
INFO   | jvm 1    | 2024/03/16 11:27:25 |  INFO | Listening for connections at: stomp://MSI-MODERN14:61613?maximumConnections=1000&wireFormat.maxFrameSize=104857600
INFO   | jvm 1    | 2024/03/16 11:27:25 |  INFO | Connector stomp started
INFO   | jvm 1    | 2024/03/16 11:27:25 |  INFO | Listening for connections at: mqtt://MSI-MODERN14:1883?maximumConnections=1000&wireFormat.maxFrameSize=104857600
INFO   | jvm 1    | 2024/03/16 11:27:25 |  INFO | Connector mqtt started
INFO   | jvm 1    | 2024/03/16 11:27:25 |  INFO | Starting Jetty server
INFO   | jvm 1    | 2024/03/16 11:27:25 |  INFO | Creating Jetty connector
INFO   | jvm 1    | 2024/03/16 11:27:26 |  WARN | ServletContext@o.e.j.s.ServletContextHandler@789ea6cd{/,null,STARTING} has uncovered HTTP methods for the following paths: [/]
INFO   | jvm 1    | 2024/03/16 11:27:26 |  INFO | Listening for connections at ws://MSI-MODERN14:61614?maximumConnections=1000&wireFormat.maxFrameSize=104857600
INFO   | jvm 1    | 2024/03/16 11:27:26 |  INFO | Connector ws started
INFO   | jvm 1    | 2024/03/16 11:27:26 |  INFO | Apache ActiveMQ 6.0.1 (localhost, ID:MSI-MODERN14-51566-1710563245353-0:1) started
INFO   | jvm 1    | 2024/03/16 11:27:26 |  INFO | For help or more information please see: http://activemq.apache.org
INFO   | jvm 1    | 2024/03/16 11:27:26 |  WARN | Store limit is 102400 mb (current store usage is 0 mb). The data directory: E:\HOCKI6_2023-2024\KIEN_TRUC_VA_THIET_KE_HE_THONG\ActiveMQ\apache-activemq-6.0.1-bin\apache-activemq-6.0.1\bin\win64\..\..\data\kahadb only has 29759 mb of usable space. - resetting to maximum available disk space: 29759 mb
INFO   | jvm 1    | 2024/03/16 11:27:26 |  WARN | Temporary Store limit is 51200 mb (current store usage is 0 mb). The data directory: E:\HOCKI6_2023-2024\KIEN_TRUC_VA_THIET_KE_HE_THONG\ActiveMQ\apache-activemq-6.0.1-bin\apache-activemq-6.0.1\bin\win64\..\..\data only has 29759 mb of usable space. - resetting to maximum available disk space: 29759 mb
INFO   | jvm 1    | 2024/03/16 11:27:29 |  INFO | ActiveMQ WebConsole available at http://127.0.0.1:8161/
INFO   | jvm 1    | 2024/03/16 11:27:29 |  INFO | ActiveMQ Jolokia REST API available at http://127.0.0.1:8161/api/jolokia/
STATUS | wrapper  | 2024/03/16 11:30:15 | --> Wrapper Started as Console
STATUS | wrapper  | 2024/03/16 11:30:15 | Launching a JVM...
INFO   | jvm 1    | 2024/03/16 11:30:15 | NOTE: Picked up JDK_JAVA_OPTIONS: --add-reads=java.xml=java.logging --add-opens java.base/java.security=ALL-UNNAMED --add-opens java.base/java.net=ALL-UNNAMED --add-opens java.base/java.lang=ALL-UNNAMED --add-opens java.base/java.util=ALL-UNNAMED --add-opens java.base/java.util.concurrent=ALL-UNNAMED --add-opens java.base/java.util.concurrent.atomic=ALL-UNNAMED --add-opens java.naming/javax.naming.spi=ALL-UNNAMED --add-opens java.rmi/sun.rmi.transport.tcp=ALL-UNNAMED --add-exports=java.base/sun.net.www.protocol.http=ALL-UNNAMED --add-exports=java.base/sun.net.www.protocol.https=ALL-UNNAMED --add-exports=java.base/sun.net.www.protocol.jar=ALL-UNNAMED --add-exports=jdk.xml.dom/org.w3c.dom.html=ALL-UNNAMED --add-exports=jdk.naming.rmi/com.sun.jndi.url.rmi=ALL-UNNAMED
INFO   | jvm 1    | 2024/03/16 11:30:16 | Wrapper (Version 3.2.3) http://wrapper.tanukisoftware.org
INFO   | jvm 1    | 2024/03/16 11:30:16 |   Copyright 1999-2006 Tanuki Software, Inc.  All Rights Reserved.
INFO   | jvm 1    | 2024/03/16 11:30:16 | 
INFO   | jvm 1    | 2024/03/16 11:30:16 | Java Runtime: Oracle Corporation 17.0.10 C:\Program Files\Java\jdk-17
INFO   | jvm 1    | 2024/03/16 11:30:16 |   Heap sizes: current=1048576k  free=1038336k  max=1048576k
INFO   | jvm 1    | 2024/03/16 11:30:16 |     JVM args: --add-reads=java.xml=java.logging --add-opens=java.base/java.security=ALL-UNNAMED --add-opens=java.base/java.net=ALL-UNNAMED --add-opens=java.base/java.lang=ALL-UNNAMED --add-opens=java.base/java.util=ALL-UNNAMED --add-opens=java.base/java.util.concurrent=ALL-UNNAMED --add-opens=java.base/java.util.concurrent.atomic=ALL-UNNAMED --add-opens=java.naming/javax.naming.spi=ALL-UNNAMED --add-opens=java.rmi/sun.rmi.transport.tcp=ALL-UNNAMED --add-exports=java.base/sun.net.www.protocol.http=ALL-UNNAMED --add-exports=java.base/sun.net.www.protocol.https=ALL-UNNAMED --add-exports=java.base/sun.net.www.protocol.jar=ALL-UNNAMED --add-exports=jdk.xml.dom/org.w3c.dom.html=ALL-UNNAMED --add-exports=jdk.naming.rmi/com.sun.jndi.url.rmi=ALL-UNNAMED -Dactivemq.home=../.. -Dactivemq.base=../.. -Djavax.net.ssl.keyStorePassword=password -Djavax.net.ssl.trustStorePassword=password -Djavax.net.ssl.keyStore=../../conf/broker.ks -Djavax.net.ssl.trustStore=../../conf/broker.ts -Dcom.sun.management.jmxremote -Dorg.apache.activemq.UseDedicatedTaskRunner=false -Djava.util.logging.config.file=logging.properties -Dactivemq.conf=../../conf -Dactivemq.data=../../data -Djava.security.auth.login.config=../../conf/login.config -Djolokia.conf=file:..\\..\\conf\\jolokia-access.xml -Xms1024m -Xmx1024m -Djava.library.path=../../bin/win64 -Dwrapper.key=KhiT4BheLBwJLmeL -Dwrapper.port=32000 -Dwrapper.jvm.port.min=31000 -Dwrapper.jvm.port.max=31999 -Dwrapper.pid=6032 -Dwrapper.version=3.2.3 -Dwrapper.native_library=wrapper -Dwrapper.cpu.timeout=10 -Dwrapper.jvmid=1
INFO   | jvm 1    | 2024/03/16 11:30:16 | Extensions classpath:
INFO   | jvm 1    | 2024/03/16 11:30:16 |   [..\..\lib,..\..\lib\camel,..\..\lib\optional,..\..\lib\web,..\..\lib\extra]
INFO   | jvm 1    | 2024/03/16 11:30:16 | ACTIVEMQ_HOME: ..\..
INFO   | jvm 1    | 2024/03/16 11:30:16 | ACTIVEMQ_BASE: ..\..
INFO   | jvm 1    | 2024/03/16 11:30:16 | ACTIVEMQ_CONF: ..\..\conf
INFO   | jvm 1    | 2024/03/16 11:30:16 | ACTIVEMQ_DATA: ..\..\data
INFO   | jvm 1    | 2024/03/16 11:30:17 | Loading message broker from: xbean:activemq.xml
INFO   | jvm 1    | 2024/03/16 11:30:18 |  INFO | Using Persistence Adapter: KahaDBPersistenceAdapter[E:\HOCKI6_2023-2024\KIEN_TRUC_VA_THIET_KE_HE_THONG\ActiveMQ\apache-activemq-6.0.1-bin\apache-activemq-6.0.1\bin\win64\..\..\data\kahadb]
INFO   | jvm 1    | 2024/03/16 11:30:18 |  INFO | Starting Persistence Adapter: KahaDBPersistenceAdapter[E:\HOCKI6_2023-2024\KIEN_TRUC_VA_THIET_KE_HE_THONG\ActiveMQ\apache-activemq-6.0.1-bin\apache-activemq-6.0.1\bin\win64\..\..\data\kahadb]
INFO   | jvm 1    | 2024/03/16 11:30:18 |  INFO | Starting KahaDBStore
INFO   | jvm 1    | 2024/03/16 11:30:18 |  INFO | Opening MessageDatabase
INFO   | jvm 1    | 2024/03/16 11:30:18 |  INFO | Page File: ..\..\data\kahadb\db.data. Recovering pageFile free list due to prior unclean shutdown..
INFO   | jvm 1    | 2024/03/16 11:30:18 |  INFO | KahaDB is version 7
INFO   | jvm 1    | 2024/03/16 11:30:18 |  INFO | Page File: ..\..\data\kahadb\db.data. Recovered pageFile free list of size: 0
INFO   | jvm 1    | 2024/03/16 11:30:18 |  INFO | Starting Temp Data Store
INFO   | jvm 1    | 2024/03/16 11:30:18 |  INFO | PListStore:[E:\HOCKI6_2023-2024\KIEN_TRUC_VA_THIET_KE_HE_THONG\ActiveMQ\apache-activemq-6.0.1-bin\apache-activemq-6.0.1\bin\win64\..\..\data\localhost\tmp_storage] started
INFO   | jvm 1    | 2024/03/16 11:30:18 |  INFO | Starting Job Scheduler Store
INFO   | jvm 1    | 2024/03/16 11:30:18 |  INFO | Persistence Adapter successfully started
INFO   | jvm 1    | 2024/03/16 11:30:18 |  INFO | Apache ActiveMQ 6.0.1 (localhost, ID:MSI-MODERN14-51626-1710563418405-0:1) is starting
INFO   | jvm 1    | 2024/03/16 11:30:18 |  INFO | Listening for connections at: tcp://MSI-MODERN14:61616?maximumConnections=1000&wireFormat.maxFrameSize=104857600
INFO   | jvm 1    | 2024/03/16 11:30:18 |  INFO | Connector openwire started
INFO   | jvm 1    | 2024/03/16 11:30:18 |  INFO | Listening for connections at: amqp://MSI-MODERN14:5672?maximumConnections=1000&wireFormat.maxFrameSize=104857600
INFO   | jvm 1    | 2024/03/16 11:30:18 |  INFO | Connector amqp started
INFO   | jvm 1    | 2024/03/16 11:30:18 |  INFO | Listening for connections at: stomp://MSI-MODERN14:61613?maximumConnections=1000&wireFormat.maxFrameSize=104857600
INFO   | jvm 1    | 2024/03/16 11:30:18 |  INFO | Connector stomp started
INFO   | jvm 1    | 2024/03/16 11:30:18 |  INFO | Listening for connections at: mqtt://MSI-MODERN14:1883?maximumConnections=1000&wireFormat.maxFrameSize=104857600
INFO   | jvm 1    | 2024/03/16 11:30:18 |  INFO | Connector mqtt started
INFO   | jvm 1    | 2024/03/16 11:30:18 |  INFO | Starting Jetty server
INFO   | jvm 1    | 2024/03/16 11:30:18 |  INFO | Creating Jetty connector
INFO   | jvm 1    | 2024/03/16 11:30:18 |  WARN | ServletContext@o.e.j.s.ServletContextHandler@5900ff01{/,null,STARTING} has uncovered HTTP methods for the following paths: [/]
INFO   | jvm 1    | 2024/03/16 11:30:18 |  INFO | Listening for connections at ws://MSI-MODERN14:61614?maximumConnections=1000&wireFormat.maxFrameSize=104857600
INFO   | jvm 1    | 2024/03/16 11:30:18 |  INFO | Connector ws started
INFO   | jvm 1    | 2024/03/16 11:30:18 |  INFO | Apache ActiveMQ 6.0.1 (localhost, ID:MSI-MODERN14-51626-1710563418405-0:1) started
INFO   | jvm 1    | 2024/03/16 11:30:18 |  INFO | For help or more information please see: http://activemq.apache.org
INFO   | jvm 1    | 2024/03/16 11:30:18 |  WARN | Store limit is 102400 mb (current store usage is 0 mb). The data directory: E:\HOCKI6_2023-2024\KIEN_TRUC_VA_THIET_KE_HE_THONG\ActiveMQ\apache-activemq-6.0.1-bin\apache-activemq-6.0.1\bin\win64\..\..\data\kahadb only has 29759 mb of usable space. - resetting to maximum available disk space: 29759 mb
INFO   | jvm 1    | 2024/03/16 11:30:18 |  WARN | Temporary Store limit is 51200 mb (current store usage is 0 mb). The data directory: E:\HOCKI6_2023-2024\KIEN_TRUC_VA_THIET_KE_HE_THONG\ActiveMQ\apache-activemq-6.0.1-bin\apache-activemq-6.0.1\bin\win64\..\..\data only has 29759 mb of usable space. - resetting to maximum available disk space: 29759 mb
INFO   | jvm 1    | 2024/03/16 11:30:19 |  INFO | ActiveMQ WebConsole available at http://127.0.0.1:8161/
INFO   | jvm 1    | 2024/03/16 11:30:19 |  INFO | ActiveMQ Jolokia REST API available at http://127.0.0.1:8161/api/jolokia/
STATUS | wrapper  | 2024/03/16 12:27:19 | --> Wrapper Started as Console
STATUS | wrapper  | 2024/03/16 12:27:19 | Launching a JVM...
INFO   | jvm 1    | 2024/03/16 12:27:19 | NOTE: Picked up JDK_JAVA_OPTIONS: --add-reads=java.xml=java.logging --add-opens java.base/java.security=ALL-UNNAMED --add-opens java.base/java.net=ALL-UNNAMED --add-opens java.base/java.lang=ALL-UNNAMED --add-opens java.base/java.util=ALL-UNNAMED --add-opens java.base/java.util.concurrent=ALL-UNNAMED --add-opens java.base/java.util.concurrent.atomic=ALL-UNNAMED --add-opens java.naming/javax.naming.spi=ALL-UNNAMED --add-opens java.rmi/sun.rmi.transport.tcp=ALL-UNNAMED --add-exports=java.base/sun.net.www.protocol.http=ALL-UNNAMED --add-exports=java.base/sun.net.www.protocol.https=ALL-UNNAMED --add-exports=java.base/sun.net.www.protocol.jar=ALL-UNNAMED --add-exports=jdk.xml.dom/org.w3c.dom.html=ALL-UNNAMED --add-exports=jdk.naming.rmi/com.sun.jndi.url.rmi=ALL-UNNAMED
INFO   | jvm 1    | 2024/03/16 12:27:20 | Wrapper (Version 3.2.3) http://wrapper.tanukisoftware.org
INFO   | jvm 1    | 2024/03/16 12:27:20 |   Copyright 1999-2006 Tanuki Software, Inc.  All Rights Reserved.
INFO   | jvm 1    | 2024/03/16 12:27:20 | 
INFO   | jvm 1    | 2024/03/16 12:27:20 | Java Runtime: Oracle Corporation 17.0.10 C:\Program Files\Java\jdk-17
INFO   | jvm 1    | 2024/03/16 12:27:20 |   Heap sizes: current=1048576k  free=1038336k  max=1048576k
INFO   | jvm 1    | 2024/03/16 12:27:20 |     JVM args: --add-reads=java.xml=java.logging --add-opens=java.base/java.security=ALL-UNNAMED --add-opens=java.base/java.net=ALL-UNNAMED --add-opens=java.base/java.lang=ALL-UNNAMED --add-opens=java.base/java.util=ALL-UNNAMED --add-opens=java.base/java.util.concurrent=ALL-UNNAMED --add-opens=java.base/java.util.concurrent.atomic=ALL-UNNAMED --add-opens=java.naming/javax.naming.spi=ALL-UNNAMED --add-opens=java.rmi/sun.rmi.transport.tcp=ALL-UNNAMED --add-exports=java.base/sun.net.www.protocol.http=ALL-UNNAMED --add-exports=java.base/sun.net.www.protocol.https=ALL-UNNAMED --add-exports=java.base/sun.net.www.protocol.jar=ALL-UNNAMED --add-exports=jdk.xml.dom/org.w3c.dom.html=ALL-UNNAMED --add-exports=jdk.naming.rmi/com.sun.jndi.url.rmi=ALL-UNNAMED -Dactivemq.home=../.. -Dactivemq.base=../.. -Djavax.net.ssl.keyStorePassword=password -Djavax.net.ssl.trustStorePassword=password -Djavax.net.ssl.keyStore=../../conf/broker.ks -Djavax.net.ssl.trustStore=../../conf/broker.ts -Dcom.sun.management.jmxremote -Dorg.apache.activemq.UseDedicatedTaskRunner=false -Djava.util.logging.config.file=logging.properties -Dactivemq.conf=../../conf -Dactivemq.data=../../data -Djava.security.auth.login.config=../../conf/login.config -Djolokia.conf=file:..\\..\\conf\\jolokia-access.xml -Xms1024m -Xmx1024m -Djava.library.path=../../bin/win64 -Dwrapper.key=0zA1UeccF96jXrOn -Dwrapper.port=32000 -Dwrapper.jvm.port.min=31000 -Dwrapper.jvm.port.max=31999 -Dwrapper.pid=17272 -Dwrapper.version=3.2.3 -Dwrapper.native_library=wrapper -Dwrapper.cpu.timeout=10 -Dwrapper.jvmid=1
INFO   | jvm 1    | 2024/03/16 12:27:20 | Extensions classpath:
INFO   | jvm 1    | 2024/03/16 12:27:20 |   [..\..\lib,..\..\lib\camel,..\..\lib\optional,..\..\lib\web,..\..\lib\extra]
INFO   | jvm 1    | 2024/03/16 12:27:20 | ACTIVEMQ_HOME: ..\..
INFO   | jvm 1    | 2024/03/16 12:27:20 | ACTIVEMQ_BASE: ..\..
INFO   | jvm 1    | 2024/03/16 12:27:20 | ACTIVEMQ_CONF: ..\..\conf
INFO   | jvm 1    | 2024/03/16 12:27:20 | ACTIVEMQ_DATA: ..\..\data
INFO   | jvm 1    | 2024/03/16 12:27:21 | Loading message broker from: xbean:activemq.xml
INFO   | jvm 1    | 2024/03/16 12:27:22 |  INFO | Using Persistence Adapter: KahaDBPersistenceAdapter[E:\HOCKI6_2023-2024\KIEN_TRUC_VA_THIET_KE_HE_THONG\ActiveMQ\apache-activemq-6.0.1-bin\apache-activemq-6.0.1\bin\win64\..\..\data\kahadb]
INFO   | jvm 1    | 2024/03/16 12:27:22 |  INFO | Starting Persistence Adapter: KahaDBPersistenceAdapter[E:\HOCKI6_2023-2024\KIEN_TRUC_VA_THIET_KE_HE_THONG\ActiveMQ\apache-activemq-6.0.1-bin\apache-activemq-6.0.1\bin\win64\..\..\data\kahadb]
INFO   | jvm 1    | 2024/03/16 12:27:22 |  INFO | Starting KahaDBStore
INFO   | jvm 1    | 2024/03/16 12:27:22 |  INFO | Opening MessageDatabase
INFO   | jvm 1    | 2024/03/16 12:27:23 |  INFO | Page File: ..\..\data\kahadb\db.data. Recovering pageFile free list due to prior unclean shutdown..
INFO   | jvm 1    | 2024/03/16 12:27:23 |  INFO | Page File: ..\..\data\kahadb\db.data. Recovered pageFile free list of size: 0
INFO   | jvm 1    | 2024/03/16 12:27:23 |  INFO | KahaDB is version 7
INFO   | jvm 1    | 2024/03/16 12:27:23 |  INFO | Starting Temp Data Store
INFO   | jvm 1    | 2024/03/16 12:27:23 |  INFO | PListStore:[E:\HOCKI6_2023-2024\KIEN_TRUC_VA_THIET_KE_HE_THONG\ActiveMQ\apache-activemq-6.0.1-bin\apache-activemq-6.0.1\bin\win64\..\..\data\localhost\tmp_storage] started
INFO   | jvm 1    | 2024/03/16 12:27:23 |  INFO | Starting Job Scheduler Store
INFO   | jvm 1    | 2024/03/16 12:27:23 |  INFO | Persistence Adapter successfully started
INFO   | jvm 1    | 2024/03/16 12:27:23 |  INFO | Apache ActiveMQ 6.0.1 (localhost, ID:MSI-MODERN14-49855-1710566843135-0:1) is starting
INFO   | jvm 1    | 2024/03/16 12:27:23 |  INFO | Listening for connections at: tcp://MSI-MODERN14:61616?maximumConnections=1000&wireFormat.maxFrameSize=104857600
INFO   | jvm 1    | 2024/03/16 12:27:23 |  INFO | Connector openwire started
INFO   | jvm 1    | 2024/03/16 12:27:23 |  INFO | Listening for connections at: amqp://MSI-MODERN14:5672?maximumConnections=1000&wireFormat.maxFrameSize=104857600
INFO   | jvm 1    | 2024/03/16 12:27:23 |  INFO | Connector amqp started
INFO   | jvm 1    | 2024/03/16 12:27:23 |  INFO | Listening for connections at: stomp://MSI-MODERN14:61613?maximumConnections=1000&wireFormat.maxFrameSize=104857600
INFO   | jvm 1    | 2024/03/16 12:27:23 |  INFO | Connector stomp started
INFO   | jvm 1    | 2024/03/16 12:27:23 |  INFO | Listening for connections at: mqtt://MSI-MODERN14:1883?maximumConnections=1000&wireFormat.maxFrameSize=104857600
INFO   | jvm 1    | 2024/03/16 12:27:23 |  INFO | Connector mqtt started
INFO   | jvm 1    | 2024/03/16 12:27:23 |  INFO | Starting Jetty server
INFO   | jvm 1    | 2024/03/16 12:27:23 |  INFO | Creating Jetty connector
INFO   | jvm 1    | 2024/03/16 12:27:23 |  WARN | ServletContext@o.e.j.s.ServletContextHandler@5900ff01{/,null,STARTING} has uncovered HTTP methods for the following paths: [/]
INFO   | jvm 1    | 2024/03/16 12:27:23 |  INFO | Listening for connections at ws://MSI-MODERN14:61614?maximumConnections=1000&wireFormat.maxFrameSize=104857600
INFO   | jvm 1    | 2024/03/16 12:27:23 |  INFO | Connector ws started
INFO   | jvm 1    | 2024/03/16 12:27:23 |  INFO | Apache ActiveMQ 6.0.1 (localhost, ID:MSI-MODERN14-49855-1710566843135-0:1) started
INFO   | jvm 1    | 2024/03/16 12:27:23 |  INFO | For help or more information please see: http://activemq.apache.org
INFO   | jvm 1    | 2024/03/16 12:27:23 |  WARN | Store limit is 102400 mb (current store usage is 0 mb). The data directory: E:\HOCKI6_2023-2024\KIEN_TRUC_VA_THIET_KE_HE_THONG\ActiveMQ\apache-activemq-6.0.1-bin\apache-activemq-6.0.1\bin\win64\..\..\data\kahadb only has 29761 mb of usable space. - resetting to maximum available disk space: 29761 mb
INFO   | jvm 1    | 2024/03/16 12:27:23 |  WARN | Temporary Store limit is 51200 mb (current store usage is 0 mb). The data directory: E:\HOCKI6_2023-2024\KIEN_TRUC_VA_THIET_KE_HE_THONG\ActiveMQ\apache-activemq-6.0.1-bin\apache-activemq-6.0.1\bin\win64\..\..\data only has 29761 mb of usable space. - resetting to maximum available disk space: 29761 mb
INFO   | jvm 1    | 2024/03/16 12:27:24 |  INFO | ActiveMQ WebConsole available at http://127.0.0.1:8161/
INFO   | jvm 1    | 2024/03/16 12:27:24 |  INFO | ActiveMQ Jolokia REST API available at http://127.0.0.1:8161/api/jolokia/
STATUS | wrapper  | 2024/03/16 16:19:59 | --> Wrapper Started as Console
STATUS | wrapper  | 2024/03/16 16:19:59 | Launching a JVM...
INFO   | jvm 1    | 2024/03/16 16:19:59 | NOTE: Picked up JDK_JAVA_OPTIONS: --add-reads=java.xml=java.logging --add-opens java.base/java.security=ALL-UNNAMED --add-opens java.base/java.net=ALL-UNNAMED --add-opens java.base/java.lang=ALL-UNNAMED --add-opens java.base/java.util=ALL-UNNAMED --add-opens java.base/java.util.concurrent=ALL-UNNAMED --add-opens java.base/java.util.concurrent.atomic=ALL-UNNAMED --add-opens java.naming/javax.naming.spi=ALL-UNNAMED --add-opens java.rmi/sun.rmi.transport.tcp=ALL-UNNAMED --add-exports=java.base/sun.net.www.protocol.http=ALL-UNNAMED --add-exports=java.base/sun.net.www.protocol.https=ALL-UNNAMED --add-exports=java.base/sun.net.www.protocol.jar=ALL-UNNAMED --add-exports=jdk.xml.dom/org.w3c.dom.html=ALL-UNNAMED --add-exports=jdk.naming.rmi/com.sun.jndi.url.rmi=ALL-UNNAMED
INFO   | jvm 1    | 2024/03/16 16:19:59 | Wrapper (Version 3.2.3) http://wrapper.tanukisoftware.org
INFO   | jvm 1    | 2024/03/16 16:19:59 |   Copyright 1999-2006 Tanuki Software, Inc.  All Rights Reserved.
INFO   | jvm 1    | 2024/03/16 16:19:59 | 
INFO   | jvm 1    | 2024/03/16 16:20:00 | Java Runtime: Oracle Corporation 17.0.10 C:\Program Files\Java\jdk-17
INFO   | jvm 1    | 2024/03/16 16:20:00 |   Heap sizes: current=1048576k  free=1038336k  max=1048576k
INFO   | jvm 1    | 2024/03/16 16:20:00 |     JVM args: --add-reads=java.xml=java.logging --add-opens=java.base/java.security=ALL-UNNAMED --add-opens=java.base/java.net=ALL-UNNAMED --add-opens=java.base/java.lang=ALL-UNNAMED --add-opens=java.base/java.util=ALL-UNNAMED --add-opens=java.base/java.util.concurrent=ALL-UNNAMED --add-opens=java.base/java.util.concurrent.atomic=ALL-UNNAMED --add-opens=java.naming/javax.naming.spi=ALL-UNNAMED --add-opens=java.rmi/sun.rmi.transport.tcp=ALL-UNNAMED --add-exports=java.base/sun.net.www.protocol.http=ALL-UNNAMED --add-exports=java.base/sun.net.www.protocol.https=ALL-UNNAMED --add-exports=java.base/sun.net.www.protocol.jar=ALL-UNNAMED --add-exports=jdk.xml.dom/org.w3c.dom.html=ALL-UNNAMED --add-exports=jdk.naming.rmi/com.sun.jndi.url.rmi=ALL-UNNAMED -Dactivemq.home=../.. -Dactivemq.base=../.. -Djavax.net.ssl.keyStorePassword=password -Djavax.net.ssl.trustStorePassword=password -Djavax.net.ssl.keyStore=../../conf/broker.ks -Djavax.net.ssl.trustStore=../../conf/broker.ts -Dcom.sun.management.jmxremote -Dorg.apache.activemq.UseDedicatedTaskRunner=false -Djava.util.logging.config.file=logging.properties -Dactivemq.conf=../../conf -Dactivemq.data=../../data -Djava.security.auth.login.config=../../conf/login.config -Djolokia.conf=file:..\\..\\conf\\jolokia-access.xml -Xms1024m -Xmx1024m -Djava.library.path=../../bin/win64 -Dwrapper.key=9bw8cwUBUt5mc_ha -Dwrapper.port=32000 -Dwrapper.jvm.port.min=31000 -Dwrapper.jvm.port.max=31999 -Dwrapper.pid=5928 -Dwrapper.version=3.2.3 -Dwrapper.native_library=wrapper -Dwrapper.cpu.timeout=10 -Dwrapper.jvmid=1
INFO   | jvm 1    | 2024/03/16 16:20:00 | Extensions classpath:
INFO   | jvm 1    | 2024/03/16 16:20:00 |   [..\..\lib,..\..\lib\camel,..\..\lib\optional,..\..\lib\web,..\..\lib\extra]
INFO   | jvm 1    | 2024/03/16 16:20:00 | ACTIVEMQ_HOME: ..\..
INFO   | jvm 1    | 2024/03/16 16:20:00 | ACTIVEMQ_BASE: ..\..
INFO   | jvm 1    | 2024/03/16 16:20:00 | ACTIVEMQ_CONF: ..\..\conf
INFO   | jvm 1    | 2024/03/16 16:20:00 | ACTIVEMQ_DATA: ..\..\data
INFO   | jvm 1    | 2024/03/16 16:20:10 | Loading message broker from: xbean:activemq.xml
INFO   | jvm 1    | 2024/03/16 16:20:12 |  INFO | Using Persistence Adapter: KahaDBPersistenceAdapter[E:\HOCKI6_2023-2024\KIEN_TRUC_VA_THIET_KE_HE_THONG\ActiveMQ\apache-activemq-6.0.1-bin\apache-activemq-6.0.1\bin\win64\..\..\data\kahadb]
INFO   | jvm 1    | 2024/03/16 16:20:12 |  INFO | Starting Persistence Adapter: KahaDBPersistenceAdapter[E:\HOCKI6_2023-2024\KIEN_TRUC_VA_THIET_KE_HE_THONG\ActiveMQ\apache-activemq-6.0.1-bin\apache-activemq-6.0.1\bin\win64\..\..\data\kahadb]
INFO   | jvm 1    | 2024/03/16 16:20:12 |  INFO | Starting KahaDBStore
INFO   | jvm 1    | 2024/03/16 16:20:12 |  INFO | Opening MessageDatabase
INFO   | jvm 1    | 2024/03/16 16:20:12 |  INFO | Page File: ..\..\data\kahadb\db.data. Recovering pageFile free list due to prior unclean shutdown..
INFO   | jvm 1    | 2024/03/16 16:20:12 |  INFO | Page File: ..\..\data\kahadb\db.data. Recovered pageFile free list of size: 0
INFO   | jvm 1    | 2024/03/16 16:20:12 |  INFO | KahaDB is version 7
INFO   | jvm 1    | 2024/03/16 16:20:12 |  INFO | Starting Temp Data Store
INFO   | jvm 1    | 2024/03/16 16:20:12 |  INFO | PListStore:[E:\HOCKI6_2023-2024\KIEN_TRUC_VA_THIET_KE_HE_THONG\ActiveMQ\apache-activemq-6.0.1-bin\apache-activemq-6.0.1\bin\win64\..\..\data\localhost\tmp_storage] started
INFO   | jvm 1    | 2024/03/16 16:20:12 |  INFO | Starting Job Scheduler Store
INFO   | jvm 1    | 2024/03/16 16:20:12 |  INFO | Persistence Adapter successfully started
INFO   | jvm 1    | 2024/03/16 16:20:12 |  INFO | Apache ActiveMQ 6.0.1 (localhost, ID:MSI-MODERN14-53658-1710580812253-0:1) is starting
INFO   | jvm 1    | 2024/03/16 16:20:12 |  INFO | Listening for connections at: tcp://MSI-MODERN14:61616?maximumConnections=1000&wireFormat.maxFrameSize=104857600
INFO   | jvm 1    | 2024/03/16 16:20:12 |  INFO | Connector openwire started
INFO   | jvm 1    | 2024/03/16 16:20:12 |  INFO | Listening for connections at: amqp://MSI-MODERN14:5672?maximumConnections=1000&wireFormat.maxFrameSize=104857600
INFO   | jvm 1    | 2024/03/16 16:20:12 |  INFO | Connector amqp started
INFO   | jvm 1    | 2024/03/16 16:20:12 |  INFO | Listening for connections at: stomp://MSI-MODERN14:61613?maximumConnections=1000&wireFormat.maxFrameSize=104857600
INFO   | jvm 1    | 2024/03/16 16:20:12 |  INFO | Connector stomp started
INFO   | jvm 1    | 2024/03/16 16:20:12 |  INFO | Listening for connections at: mqtt://MSI-MODERN14:1883?maximumConnections=1000&wireFormat.maxFrameSize=104857600
INFO   | jvm 1    | 2024/03/16 16:20:12 |  INFO | Connector mqtt started
INFO   | jvm 1    | 2024/03/16 16:20:12 |  INFO | Starting Jetty server
INFO   | jvm 1    | 2024/03/16 16:20:12 |  INFO | Creating Jetty connector
INFO   | jvm 1    | 2024/03/16 16:20:12 |  WARN | ServletContext@o.e.j.s.ServletContextHandler@3c4f9445{/,null,STARTING} has uncovered HTTP methods for the following paths: [/]
INFO   | jvm 1    | 2024/03/16 16:20:12 |  INFO | Listening for connections at ws://MSI-MODERN14:61614?maximumConnections=1000&wireFormat.maxFrameSize=104857600
INFO   | jvm 1    | 2024/03/16 16:20:12 |  INFO | Connector ws started
INFO   | jvm 1    | 2024/03/16 16:20:12 |  INFO | Apache ActiveMQ 6.0.1 (localhost, ID:MSI-MODERN14-53658-1710580812253-0:1) started
INFO   | jvm 1    | 2024/03/16 16:20:12 |  INFO | For help or more information please see: http://activemq.apache.org
INFO   | jvm 1    | 2024/03/16 16:20:12 |  WARN | Store limit is 102400 mb (current store usage is 0 mb). The data directory: E:\HOCKI6_2023-2024\KIEN_TRUC_VA_THIET_KE_HE_THONG\ActiveMQ\apache-activemq-6.0.1-bin\apache-activemq-6.0.1\bin\win64\..\..\data\kahadb only has 29761 mb of usable space. - resetting to maximum available disk space: 29761 mb
INFO   | jvm 1    | 2024/03/16 16:20:12 |  WARN | Temporary Store limit is 51200 mb (current store usage is 0 mb). The data directory: E:\HOCKI6_2023-2024\KIEN_TRUC_VA_THIET_KE_HE_THONG\ActiveMQ\apache-activemq-6.0.1-bin\apache-activemq-6.0.1\bin\win64\..\..\data only has 29761 mb of usable space. - resetting to maximum available disk space: 29761 mb
INFO   | jvm 1    | 2024/03/16 16:20:13 |  INFO | ActiveMQ WebConsole available at http://127.0.0.1:8161/
INFO   | jvm 1    | 2024/03/16 16:20:13 |  INFO | ActiveMQ Jolokia REST API available at http://127.0.0.1:8161/api/jolokia/
INFO   | jvm 1    | 2024/03/16 16:21:37 |  INFO | Connector vm://localhost started
